stan:
. x x
o . .
x o o
predykcja początkowa: [ 0.00,  0.00,  0.00,  0.00,  0.00,  0.00,  0.00,  0.00,  0.00]
predykcja aktualna  : [100.00,  0.00,  0.00,  0.00,  0.00,  0.00,  0.00,  0.00,  0.00], at=0
-.--.--.--.--.--.--.--.--.--.--.--.--.--.--.--.--.--.--.--.-
-.--.--.--.--.--.--.--.--.--.--.--.--.--.--.--.--.--.--.--.-
-.--.--.--.--.--.--.--.--.--.--.--.--.--.--.--.--.--.--.--.-
-.--.--.--.--.--.--.--.--.--.--.--.--.--.--.--.--.--.--.--.-
stan:
o o x
x o o
x . x
predykcja początkowa: [ 0.00,  0.00,  0.00,  0.00,  0.00,  0.00,  0.00,  0.00,  0.00]
predykcja aktualna  : [ 0.00,  0.00,  0.00,  0.00,  0.00,  0.00,  0.00, 100.00,  0.00], at=7
-.--.--.--.--.--.--.--.--.--.--.--.--.--.--.--.--.--.--.--.-
-.--.--.--.--.--.--.--.--.--.--.--.--.--.--.--.--.--.--.--.-
-.--.--.--.--.--.--.--.--.--.--.--.--.--.--.--.--.--.--.--.-
stan:
o x x
x x o
o o .
predykcja początkowa: [ 0.00,  0.00,  0.00,  0.00,  0.00,  0.00,  0.00,  0.00,  0.00]
predykcja aktualna  : [ 0.00,  0.00,  0.00,  0.00,  0.00,  0.00,  0.00,  0.00, 95.00], at=8
-.--.--.--.--.--.--.--.--.--.--.--.--.--.--.--.--.--.--.--.-
stan:
x x .
x o o
. o .
predykcja początkowa: [ 0.00,  0.00,  0.00,  0.00,  0.00,  0.00,  0.00,  0.00,  0.00]
predykcja aktualna  : [ 0.00,  0.00,  0.00,  0.00,  0.00,  0.00, 100.00,  0.00,  0.00], at=6
-.--.--.--.--.--.--.--.--.--.--.--.--.--.--.--.--.--.--.--.-
stan:
x . x
. . o
x o o
predykcja początkowa: [ 0.00,  0.00,  0.00,  0.00,  0.00,  0.00,  0.00,  0.00,  0.00]
predykcja aktualna  : [ 0.00,  0.00,  0.00,  0.00, 100.00,  0.00,  0.00,  0.00,  0.00], at=4
-.--.--.--.--.--.--.--.--.--.--.--.--.--.--.--.--.--.--.--.-
-.--.--.--.--.--.--.--.--.--.--.--.--.--.--.--.--.--.--.--.-
stan:
. o x
o . x
o x .
predykcja początkowa: [ 0.00,  0.00,  0.00,  0.00,  0.00,  0.00,  0.00,  0.00,  0.00]
predykcja aktualna  : [ 0.00,  0.00,  0.00,  0.00, -100.00,  0.00,  0.00,  0.00,  0.00], at=4
-.--.--.--.--.--.--.--.--.--.--.--.--.--.--.--.--.--.--.--.-
-.--.--.--.--.--.--.--.--.--.--.--.--.--.--.--.--.--.--.--.-
-.--.--.--.--.--.--.--.--.--.--.--.--.--.--.--.--.--.--.--.-
stan:
. o x
x o o
o x x
predykcja początkowa: [ 0.00,  0.00,  0.00,  0.00,  0.00,  0.00,  0.00,  0.00,  0.00]
predykcja aktualna  : [95.00,  0.00,  0.00,  0.00,  0.00,  0.00,  0.00,  0.00,  0.00], at=0
-.--.--.--.--.--.--.--.--.--.--.--.--.--.--.--.--.--.--.--.-
-.--.--.--.--.--.--.--.--.--.--.--.--.--.--.--.--.--.--.--.-
-.--.--.--.--.--.--.--.--.--.--.--.--.--.--.--.--.--.--.--.-
stan:
o o x
o . .
x . x
predykcja początkowa: [ 0.00,  0.00,  0.00,  0.00,  0.00,  0.00,  0.00,  0.00,  0.00]
predykcja aktualna  : [ 0.00,  0.00,  0.00,  0.00,  0.00, 100.00,  0.00,  0.00,  0.00], at=5
-.--.--.--.--.--.--.--.--.--.--.--.--.--.--.--.--.--.--.--.-
stan:
x o o
x x o
o x .
predykcja początkowa: [ 0.00,  0.00,  0.00,  0.00,  0.00,  0.00,  0.00,  0.00,  0.00]
predykcja aktualna  : [ 0.00,  0.00,  0.00,  0.00,  0.00,  0.00,  0.00,  0.00, 100.00], at=8
-.--.--.--.--.--.--.--.--.--.--.--.--.--.--.--.--.--.--.--.-
-.--.--.--.--.--.--.--.--.--.--.--.--.--.--.--.--.--.--.--.-
stan:
. o x
x . o
. x o
predykcja początkowa: [ 0.00,  0.00,  0.00,  0.00,  0.00,  0.00,  0.00,  0.00,  0.00]
predykcja aktualna  : [ 0.00,  0.00,  0.00,  0.00,  0.00,  0.00,  0.00,  0.00,  0.00], at=6
-.--.--.--.--.--.--.--.--.--.--.--.--.--.--.--.--.--.--.--.-
-.--.--.--.--.--.--.--.--.--.--.--.--.--.--.--.--.--.--.--.-